\BOOKMARK [1][-]{section.1}{Introduction}{}% 1
\BOOKMARK [1][-]{section.2}{Related Work}{}% 2
\BOOKMARK [2][-]{subsection.2.1}{Scalability in DVEs}{section.2}% 3
\BOOKMARK [2][-]{subsection.2.2}{Networking Frameworks}{section.2}% 4
\BOOKMARK [1][-]{section.3}{DiVE Framework}{}% 5
\BOOKMARK [2][-]{subsection.3.1}{Area of Interest Technique}{section.3}% 6
\BOOKMARK [2][-]{subsection.3.2}{Region size}{section.3}% 7
\BOOKMARK [2][-]{subsection.3.3}{DiVE Tools}{section.3}% 8
\BOOKMARK [3][-]{subsubsection.3.3.1}{Generic Type Conversion}{subsection.3.3}% 9
\BOOKMARK [3][-]{subsubsection.3.3.2}{Generic Network Event Propagation}{subsection.3.3}% 10
\BOOKMARK [3][-]{subsubsection.3.3.3}{Persistency}{subsection.3.3}% 11
\BOOKMARK [3][-]{subsubsection.3.3.4}{User Authentication}{subsection.3.3}% 12
\BOOKMARK [3][-]{subsubsection.3.3.5}{Logging}{subsection.3.3}% 13
\BOOKMARK [1][-]{section.4}{DiVE Architecture}{}% 14
\BOOKMARK [2][-]{subsection.4.1}{DiVE Code Examples}{section.4}% 15
\BOOKMARK [1][-]{section.5}{Evaluation}{}% 16
\BOOKMARK [2][-]{subsection.5.1}{Informal Testing of DiVE}{section.5}% 17
\BOOKMARK [2][-]{subsection.5.2}{Systematic Testing of DiVE}{section.5}% 18
\BOOKMARK [3][-]{subsubsection.5.2.1}{Background}{subsection.5.2}% 19
\BOOKMARK [3][-]{subsubsection.5.2.2}{Experimental Setup}{subsection.5.2}% 20
\BOOKMARK [3][-]{subsubsection.5.2.3}{Tests}{subsection.5.2}% 21
\BOOKMARK [1][-]{section.6}{Conclusions}{}% 22
