This is pdfTeX, Version 3.1415926-2.5-1.40.14 (MiKTeX 2.9 64-bit) (preloaded format=pdflatex 2014.3.18)  13 DEC 2014 18:23
entering extended mode
**jpdc2014.tex
("C:\Users\helmut.HELMUT-PC\Dropbox\DiVE 2014\jpdc2014.tex"
LaTeX2e <2011/06/27>
Babel <v3.8m> and hyphenation patterns for english, afrikaans, ancientgreek, ar
abic, armenian, assamese, basque, bengali, bokmal, bulgarian, catalan, coptic, 
croatian, czech, danish, dutch, esperanto, estonian, farsi, finnish, french, ga
lician, german, german-x-2013-05-26, greek, gujarati, hindi, hungarian, iceland
ic, indonesian, interlingua, irish, italian, kannada, kurmanji, latin, latvian,
 lithuanian, malayalam, marathi, mongolian, mongolianlmc, monogreek, ngerman, n
german-x-2013-05-26, nynorsk, oriya, panjabi, pinyin, polish, portuguese, roman
ian, russian, sanskrit, serbian, slovak, slovenian, spanish, swedish, swissgerm
an, tamil, telugu, turkish, turkmen, ukenglish, ukrainian, uppersorbian, usengl
ishmax, welsh, loaded.
("C:\Program Files\MiKTeX 2.9\tex\latex\elsarticle\elsarticle.cls"
Document Class: elsarticle 2009/09/17, 1.2.0: Elsevier Ltd
\@bls=\dimen102
("C:\Program Files\MiKTeX 2.9\tex\latex\base\article.cls"
Document Class: article 2007/10/19 v1.4h Standard LaTeX document class
("C:\Program Files\MiKTeX 2.9\tex\latex\base\size10.clo"
File: size10.clo 2007/10/19 v1.4h Standard LaTeX file (size option)
)
\c@part=\count79
\c@section=\count80
\c@subsection=\count81
\c@subsubsection=\count82
\c@paragraph=\count83
\c@subparagraph=\count84
\c@figure=\count85
\c@table=\count86
\abovecaptionskip=\skip41
\belowcaptionskip=\skip42
\bibindent=\dimen103
)
("C:\Program Files\MiKTeX 2.9\tex\latex\graphics\graphicx.sty"
Package: graphicx 1999/02/16 v1.0f Enhanced LaTeX Graphics (DPC,SPQR)

("C:\Program Files\MiKTeX 2.9\tex\latex\graphics\keyval.sty"
Package: keyval 1999/03/16 v1.13 key=value parser (DPC)
\KV@toks@=\toks14
)
("C:\Program Files\MiKTeX 2.9\tex\latex\graphics\graphics.sty"
Package: graphics 2009/02/05 v1.0o Standard LaTeX Graphics (DPC,SPQR)

("C:\Program Files\MiKTeX 2.9\tex\latex\graphics\trig.sty"
Package: trig 1999/03/16 v1.09 sin cos tan (DPC)
)
("C:\Program Files\MiKTeX 2.9\tex\latex\00miktex\graphics.cfg"
File: graphics.cfg 2007/01/18 v1.5 graphics configuration of teTeX/TeXLive
)
Package graphics Info: Driver file: pdftex.def on input line 91.

("C:\Program Files\MiKTeX 2.9\tex\latex\pdftex-def\pdftex.def"
File: pdftex.def 2011/05/27 v0.06d Graphics/color for pdfTeX

("C:\Program Files\MiKTeX 2.9\tex\generic\oberdiek\infwarerr.sty"
Package: infwarerr 2010/04/08 v1.3 Providing info/warning/error messages (HO)
)
("C:\Program Files\MiKTeX 2.9\tex\generic\oberdiek\ltxcmds.sty"
Package: ltxcmds 2011/11/09 v1.22 LaTeX kernel commands for general use (HO)
)
\Gread@gobject=\count87
))
\Gin@req@height=\dimen104
\Gin@req@width=\dimen105
)
("C:\Program Files\MiKTeX 2.9\tex\latex\psnfss\pifont.sty"
Package: pifont 2005/04/12 PSNFSS-v9.2a Pi font support (SPQR) 
LaTeX Font Info:    Try loading font information for U+pzd on input line 63.

("C:\Program Files\MiKTeX 2.9\tex\latex\psnfss\upzd.fd"
File: upzd.fd 2001/06/04 font definitions for U/pzd.
)
LaTeX Font Info:    Try loading font information for U+psy on input line 64.

("C:\Program Files\MiKTeX 2.9\tex\latex\psnfss\upsy.fd"
File: upsy.fd 2001/06/04 font definitions for U/psy.
))
\c@tnote=\count88
\c@fnote=\count89
\c@cnote=\count90
\c@ead=\count91
\c@author=\count92
\@eadauthor=\toks15
\c@affn=\count93
\absbox=\box26
\keybox=\box27
\Columnwidth=\dimen106
\space@left=\dimen107
\els@boxa=\box28
\els@boxb=\box29
\leftMargin=\dimen108
\@enLab=\toks16
\@sep=\skip43
\@@sep=\skip44

("C:\Users\helmut.HELMUT-PC\Dropbox\DiVE 2014\jpdc2014.spl")
("C:\Program Files\MiKTeX 2.9\tex\latex\natbib\natbib.sty"
Package: natbib 2010/09/13 8.31b (PWD, AO)
\bibhang=\skip45
\bibsep=\skip46
LaTeX Info: Redefining \cite on input line 694.
\c@NAT@ctr=\count94
)
\splwrite=\write3
)
("C:\Program Files\MiKTeX 2.9\tex\latex\lineno\lineno.sty"
Package: lineno 2005/11/02 line numbers on paragraphs v4.41
\linenopenalty=\count95
\output=\toks17
\linenoprevgraf=\count96
\linenumbersep=\dimen109
\linenumberwidth=\dimen110
\c@linenumber=\count97
\c@pagewiselinenumber=\count98
\c@LN@truepage=\count99
\c@internallinenumber=\count100
\c@internallinenumbers=\count101
\quotelinenumbersep=\dimen111
\bframerule=\dimen112
\bframesep=\dimen113
\bframebox=\box30
LaTeX Info: Redefining \\ on input line 3056.
)
("C:\Program Files\MiKTeX 2.9\tex\latex\hyperref\hyperref.sty"
Package: hyperref 2012/11/06 v6.83m Hypertext links for LaTeX

("C:\Program Files\MiKTeX 2.9\tex\generic\oberdiek\hobsub-hyperref.sty"
Package: hobsub-hyperref 2012/04/25 v1.12 Bundle oberdiek, subset hyperref (HO)


("C:\Program Files\MiKTeX 2.9\tex\generic\oberdiek\hobsub-generic.sty"
Package: hobsub-generic 2012/04/25 v1.12 Bundle oberdiek, subset generic (HO)
Package: hobsub 2012/04/25 v1.12 Construct package bundles (HO)
Package hobsub Info: Skipping package `infwarerr' (already loaded).
Package hobsub Info: Skipping package `ltxcmds' (already loaded).
Package: ifluatex 2010/03/01 v1.3 Provides the ifluatex switch (HO)
Package ifluatex Info: LuaTeX not detected.
Package: ifvtex 2010/03/01 v1.5 Detect VTeX and its facilities (HO)
Package ifvtex Info: VTeX not detected.
Package: intcalc 2007/09/27 v1.1 Expandable calculations with integers (HO)
Package: ifpdf 2011/01/30 v2.3 Provides the ifpdf switch (HO)
Package ifpdf Info: pdfTeX in PDF mode is detected.
Package: etexcmds 2011/02/16 v1.5 Avoid name clashes with e-TeX commands (HO)
Package etexcmds Info: Could not find \expanded.
(etexcmds)             That can mean that you are not using pdfTeX 1.50 or
(etexcmds)             that some package has redefined \expanded.
(etexcmds)             In the latter case, load this package earlier.
Package: kvsetkeys 2012/04/25 v1.16 Key value parser (HO)
Package: kvdefinekeys 2011/04/07 v1.3 Define keys (HO)
Package: pdftexcmds 2011/11/29 v0.20 Utility functions of pdfTeX for LuaTeX (HO
)
Package pdftexcmds Info: LuaTeX not detected.
Package pdftexcmds Info: \pdf@primitive is available.
Package pdftexcmds Info: \pdf@ifprimitive is available.
Package pdftexcmds Info: \pdfdraftmode found.
Package: pdfescape 2011/11/25 v1.13 Implements pdfTeX's escape features (HO)
Package: bigintcalc 2012/04/08 v1.3 Expandable calculations on big integers (HO
)
Package: bitset 2011/01/30 v1.1 Handle bit-vector datatype (HO)
Package: uniquecounter 2011/01/30 v1.2 Provide unlimited unique counter (HO)
)
Package hobsub Info: Skipping package `hobsub' (already loaded).
Package: letltxmacro 2010/09/02 v1.4 Let assignment for LaTeX macros (HO)
Package: hopatch 2011/06/24 v1.1 Wrapper for package hooks (HO)
Package: xcolor-patch 2011/01/30 xcolor patch
Package: atveryend 2011/06/30 v1.8 Hooks at the very end of document (HO)
Package atveryend Info: \enddocument detected (standard20110627).
Package: atbegshi 2011/10/05 v1.16 At begin shipout hook (HO)
Package: refcount 2011/10/16 v3.4 Data extraction from label references (HO)
Package: hycolor 2011/01/30 v1.7 Color options for hyperref/bookmark (HO)
)
("C:\Program Files\MiKTeX 2.9\tex\generic\ifxetex\ifxetex.sty"
Package: ifxetex 2010/09/12 v0.6 Provides ifxetex conditional
)
("C:\Program Files\MiKTeX 2.9\tex\latex\oberdiek\auxhook.sty"
Package: auxhook 2011/03/04 v1.3 Hooks for auxiliary files (HO)
)
("C:\Program Files\MiKTeX 2.9\tex\latex\oberdiek\kvoptions.sty"
Package: kvoptions 2011/06/30 v3.11 Key value format for package options (HO)
)
\@linkdim=\dimen114
\Hy@linkcounter=\count102
\Hy@pagecounter=\count103

("C:\Program Files\MiKTeX 2.9\tex\latex\hyperref\pd1enc.def"
File: pd1enc.def 2012/11/06 v6.83m Hyperref: PDFDocEncoding definition (HO)
)
\Hy@SavedSpaceFactor=\count104

("C:\Program Files\MiKTeX 2.9\tex\latex\00miktex\hyperref.cfg"
File: hyperref.cfg 2002/06/06 v1.2 hyperref configuration of TeXLive
)
Package hyperref Info: Hyper figures OFF on input line 4443.
Package hyperref Info: Link nesting OFF on input line 4448.
Package hyperref Info: Hyper index ON on input line 4451.
Package hyperref Info: Plain pages OFF on input line 4458.
Package hyperref Info: Backreferencing OFF on input line 4463.
Package hyperref Info: Implicit mode ON; LaTeX internals redefined.
Package hyperref Info: Bookmarks ON on input line 4688.
\c@Hy@tempcnt=\count105

("C:\Program Files\MiKTeX 2.9\tex\latex\url\url.sty"
\Urlmuskip=\muskip10
Package: url 2013/09/16  ver 3.4  Verb mode for urls, etc.
)
LaTeX Info: Redefining \url on input line 5041.
\XeTeXLinkMargin=\dimen115
\Fld@menulength=\count106
\Field@Width=\dimen116
\Fld@charsize=\dimen117
Package hyperref Info: Hyper figures OFF on input line 6295.
Package hyperref Info: Link nesting OFF on input line 6300.
Package hyperref Info: Hyper index ON on input line 6303.
Package hyperref Info: backreferencing OFF on input line 6310.
Package hyperref Info: Link coloring OFF on input line 6315.
Package hyperref Info: Link coloring with OCG OFF on input line 6320.
Package hyperref Info: PDF/A mode OFF on input line 6325.
LaTeX Info: Redefining \ref on input line 6365.
LaTeX Info: Redefining \pageref on input line 6369.
\Hy@abspage=\count107
\c@Item=\count108
\c@Hfootnote=\count109
)

Package hyperref Message: Driver (autodetected): hpdftex.

("C:\Program Files\MiKTeX 2.9\tex\latex\hyperref\hpdftex.def"
File: hpdftex.def 2012/11/06 v6.83m Hyperref driver for pdfTeX
\Fld@listcount=\count110
\c@bookmark@seq@number=\count111

("C:\Program Files\MiKTeX 2.9\tex\latex\oberdiek\rerunfilecheck.sty"
Package: rerunfilecheck 2011/04/15 v1.7 Rerun checks for auxiliary files (HO)
Package uniquecounter Info: New unique counter `rerunfilecheck' on input line 2
82.
)
\Hy@SectionHShift=\skip47
)
("C:\Program Files\MiKTeX 2.9\tex\latex\listings\listings.sty"
\lst@mode=\count112
\lst@gtempboxa=\box31
\lst@token=\toks18
\lst@length=\count113
\lst@currlwidth=\dimen118
\lst@column=\count114
\lst@pos=\count115
\lst@lostspace=\dimen119
\lst@width=\dimen120
\lst@newlines=\count116
\lst@lineno=\count117
\lst@maxwidth=\dimen121

("C:\Program Files\MiKTeX 2.9\tex\latex\listings\lstmisc.sty"
File: lstmisc.sty 2014/09/06 1.5e (Carsten Heinz)
\c@lstnumber=\count118
\lst@skipnumbers=\count119
\lst@framebox=\box32
)
("C:\Program Files\MiKTeX 2.9\tex\latex\listings\listings.cfg"
File: listings.cfg 2014/09/06 1.5e listings configuration
))
Package: listings 2014/09/06 1.5e (Carsten Heinz)

("C:\Program Files\MiKTeX 2.9\tex\latex\listings\lstlang1.sty"
File: lstlang1.sty 2014/09/06 1.5e listings language file
)
("C:\Program Files\MiKTeX 2.9\tex\latex\graphics\color.sty"
Package: color 2005/11/14 v1.0j Standard LaTeX Color (DPC)

("C:\Program Files\MiKTeX 2.9\tex\latex\00miktex\color.cfg"
File: color.cfg 2007/01/18 v1.5 color configuration of teTeX/TeXLive
)
Package color Info: Driver file: pdftex.def on input line 130.
)
("C:\Program Files\MiKTeX 2.9\tex\latex\soul\soul.sty"
Package: soul 2003/11/17 v2.4 letterspacing/underlining (mf)
\SOUL@word=\toks19
\SOUL@lasttoken=\toks20
\SOUL@cmds=\toks21
\SOUL@buffer=\toks22
\SOUL@token=\toks23
\SOUL@spaceskip=\skip48
\SOUL@ttwidth=\dimen122
\SOUL@uldp=\dimen123
\SOUL@ulht=\dimen124
)
("C:\Users\helmut.HELMUT-PC\Dropbox\DiVE 2014\jpdc2014.aux")
LaTeX Font Info:    Checking defaults for OML/cmm/m/it on input line 66.
LaTeX Font Info:    ... okay on input line 66.
LaTeX Font Info:    Checking defaults for T1/cmr/m/n on input line 66.
LaTeX Font Info:    ... okay on input line 66.
LaTeX Font Info:    Checking defaults for OT1/cmr/m/n on input line 66.
LaTeX Font Info:    ... okay on input line 66.
LaTeX Font Info:    Checking defaults for OMS/cmsy/m/n on input line 66.
LaTeX Font Info:    ... okay on input line 66.
LaTeX Font Info:    Checking defaults for OMX/cmex/m/n on input line 66.
LaTeX Font Info:    ... okay on input line 66.
LaTeX Font Info:    Checking defaults for U/cmr/m/n on input line 66.
LaTeX Font Info:    ... okay on input line 66.
LaTeX Font Info:    Checking defaults for PD1/pdf/m/n on input line 66.
LaTeX Font Info:    ... okay on input line 66.

("C:\Program Files\MiKTeX 2.9\tex\context\base\supp-pdf.mkii"
[Loading MPS to PDF converter (version 2006.09.02).]
\scratchcounter=\count120
\scratchdimen=\dimen125
\scratchbox=\box33
\nofMPsegments=\count121
\nofMParguments=\count122
\everyMPshowfont=\toks24
\MPscratchCnt=\count123
\MPscratchDim=\dimen126
\MPnumerator=\count124
\makeMPintoPDFobject=\count125
\everyMPtoPDFconversion=\toks25
)
\AtBeginShipoutBox=\box34
Package hyperref Info: Link coloring OFF on input line 66.
 ("C:\Program Files\MiKTeX 2.9\tex\latex\hyperref\nameref.sty"
Package: nameref 2012/10/27 v2.43 Cross-referencing by name of section

("C:\Program Files\MiKTeX 2.9\tex\generic\oberdiek\gettitlestring.sty"
Package: gettitlestring 2010/12/03 v1.4 Cleanup title references (HO)
)
\c@section@level=\count126
)
LaTeX Info: Redefining \ref on input line 66.
LaTeX Info: Redefining \pageref on input line 66.
LaTeX Info: Redefining \nameref on input line 66.

("C:\Users\helmut.HELMUT-PC\Dropbox\DiVE 2014\jpdc2014.out")
("C:\Users\helmut.HELMUT-PC\Dropbox\DiVE 2014\jpdc2014.out")
\@outlinefile=\write4
\c@lstlisting=\count127
LaTeX Font Info:    External font `cmex10' loaded for size
(Font)              <8> on input line 90.
LaTeX Font Info:    External font `cmex10' loaded for size
(Font)              <6> on input line 90.
LaTeX Font Info:    External font `cmex10' loaded for size
(Font)              <5> on input line 90.
LaTeX Font Info:    External font `cmex10' loaded for size
(Font)              <7> on input line 90.
 [1


{C:/ProgramData/MiKTeX/2.9/pdftex/config/pdftex.map}]
Overfull \hbox (4.9173pt too wide) in paragraph at lines 118--120
[]\OT1/cmr/m/n/10 Therefore, we de-vel-oped our orig-i-nal Dis-tributed Vir-tua
l En-vi-ron-ment (DiVE)
 []

LaTeX Font Info:    Try loading font information for OMS+cmr on input line 120.

("C:\Program Files\MiKTeX 2.9\tex\latex\base\omscmr.fd"
File: omscmr.fd 1999/05/25 v2.5h Standard LaTeX font definitions
)
LaTeX Font Info:    Font shape `OMS/cmr/m/n' in size <10> not available
(Font)              Font shape `OMS/cmsy/m/n' tried instead on input line 120.
 [2] [3] [4] [5]
[6]
<acm-vrst13-img/basic_area_of_interest.png, id=207, 311.36325pt x 308.352pt>
File: acm-vrst13-img/basic_area_of_interest.png Graphic file (type png)

<use acm-vrst13-img/basic_area_of_interest.png>
Package pdftex.def Info: acm-vrst13-img/basic_area_of_interest.png used on inpu
t line 213.
(pdftex.def)             Requested size: 172.5pt x 170.83154pt.

<acm-vrst13-img/DiVE_area_of_interest.png, id=210, 317.988pt x 324.0105pt>
File: acm-vrst13-img/DiVE_area_of_interest.png Graphic file (type png)

<use acm-vrst13-img/DiVE_area_of_interest.png>
Package pdftex.def Info: acm-vrst13-img/DiVE_area_of_interest.png used on input
 line 220.
(pdftex.def)             Requested size: 172.5pt x 175.76399pt.
 [7]
<acm-vrst13-img/area_comparison.png, id=224, 910.90312pt x 475.02469pt>
File: acm-vrst13-img/area_comparison.png Graphic file (type png)

<use acm-vrst13-img/area_comparison.png>
Package pdftex.def Info: acm-vrst13-img/area_comparison.png used on input line 
230.
(pdftex.def)             Requested size: 276.00105pt x 143.92915pt.

<acm-vrst13-img/hysteresis_description.png, id=226, 903.97725pt x 399.29175pt>
File: acm-vrst13-img/hysteresis_description.png Graphic file (type png)

<use acm-vrst13-img/hysteresis_description.png>
Package pdftex.def Info: acm-vrst13-img/hysteresis_description.png used on inpu
t line 239.
(pdftex.def)             Requested size: 327.74895pt x 144.7685pt.
 [8 <C:/Users/helmut.HELMUT-PC/Dropbox/DiVE 2014/acm-vrst13-img/basic_area_of_i
nterest.png>] [9 <C:/Users/helmut.HELMUT-PC/Dropbox/DiVE 2014/acm-vrst13-img/Di
VE_area_of_interest.png>]
[10 <C:/Users/helmut.HELMUT-PC/Dropbox/DiVE 2014/acm-vrst13-img/area_comparison
.png> <C:/Users/helmut.HELMUT-PC/Dropbox/DiVE 2014/acm-vrst13-img/hysteresis_de
scription.png>]
<acm-vrst13-img/matlab_processing.png, id=250, 902.6222pt x 479.54156pt>
File: acm-vrst13-img/matlab_processing.png Graphic file (type png)

<use acm-vrst13-img/matlab_processing.png>
Package pdftex.def Info: acm-vrst13-img/matlab_processing.png used on input lin
e 297.
(pdftex.def)             Requested size: 276.00105pt x 146.6368pt.

<acm-vrst13-img/matlab_exchanged_messages.png, id=251, 922.19531pt x 465.99094p
t>
File: acm-vrst13-img/matlab_exchanged_messages.png Graphic file (type png)
 <use acm-vrst13-img/matlab_exchanged_messages.png>
Package pdftex.def Info: acm-vrst13-img/matlab_exchanged_messages.png used on i
nput line 304.
(pdftex.def)             Requested size: 276.00105pt x 139.46416pt.


LaTeX Warning: `h' float specifier changed to `ht'.

[11 <C:/Users/helmut.HELMUT-PC/Dropbox/DiVE 2014/acm-vrst13-img/matlab_processi
ng.png>] [12 <C:/Users/helmut.HELMUT-PC/Dropbox/DiVE 2014/acm-vrst13-img/matlab
_exchanged_messages.png>]
<acm-vrst13-img/DiVE-simple.png, id=268, 493.24275pt x 501.67426pt>
File: acm-vrst13-img/DiVE-simple.png Graphic file (type png)

<use acm-vrst13-img/DiVE-simple.png>
Package pdftex.def Info: acm-vrst13-img/DiVE-simple.png used on input line 348.

(pdftex.def)             Requested size: 310.4979pt x 315.81914pt.
 [13] [14 <C:/Users/helmut.HELMUT-PC/Dropbox/DiVE 2014/acm-vrst13-img/DiVE-simp
le.png>]
<acm-vrst13-img/server_request.png, id=283, 911.8065pt x 348.1005pt>
File: acm-vrst13-img/server_request.png Graphic file (type png)

<use acm-vrst13-img/server_request.png>
Package pdftex.def Info: acm-vrst13-img/server_request.png used on input line 3
83.
(pdftex.def)             Requested size: 207.0021pt x 79.02567pt.
 [15 <C:/Users/helmut.HELMUT-PC/Dropbox/DiVE 2014/acm-vrst13-img/server_request
.png>]
LaTeX Font Info:    Font shape `OT1/cmtt/bx/n' in size <9> not available
(Font)              Font shape `OT1/cmtt/m/n' tried instead on input line 416.
 [16] [17] [18]

LaTeX Warning: Reference `fig:testEnvironment' on page 19 undefined on input li
ne 516.

[19]
<acm-vrst13-img/reload_bandwidth_mod.png, id=368, 568.37344pt x 333.49594pt>
File: acm-vrst13-img/reload_bandwidth_mod.png Graphic file (type png)

<use acm-vrst13-img/reload_bandwidth_mod.png>
Package pdftex.def Info: acm-vrst13-img/reload_bandwidth_mod.png used on input 
line 539.
(pdftex.def)             Requested size: 207.0021pt x 121.45784pt.

<acm-vrst13-img/reload_fps_mod.png, id=369, 566.86781pt x 334.24875pt>
File: acm-vrst13-img/reload_fps_mod.png Graphic file (type png)

<use acm-vrst13-img/reload_fps_mod.png>
Package pdftex.def Info: acm-vrst13-img/reload_fps_mod.png used on input line 5
46.
(pdftex.def)             Requested size: 207.0021pt x 122.05843pt.

<acm-vrst13-img/reload_cpu_mod.png, id=370, 563.10374pt x 297.36093pt>
File: acm-vrst13-img/reload_cpu_mod.png Graphic file (type png)

<use acm-vrst13-img/reload_cpu_mod.png>
Package pdftex.def Info: acm-vrst13-img/reload_cpu_mod.png used on input line 5
53.
(pdftex.def)             Requested size: 207.0021pt x 109.31398pt.

<acm-vrst13-img/reload_memory_mod.png, id=371, 565.36218pt x 326.72063pt>
File: acm-vrst13-img/reload_memory_mod.png Graphic file (type png)

<use acm-vrst13-img/reload_memory_mod.png>
Package pdftex.def Info: acm-vrst13-img/reload_memory_mod.png used on input lin
e 560.
(pdftex.def)             Requested size: 207.0021pt x 119.62344pt.
 [20 <C:/Users/helmut.HELMUT-PC/Dropbox/DiVE 2014/acm-vrst13-img/reload_bandwid
th_mod.png>] [21 <C:/Users/helmut.HELMUT-PC/Dropbox/DiVE 2014/acm-vrst13-img/re
load_fps_mod.png> <C:/Users/helmut.HELMUT-PC/Dropbox/DiVE 2014/acm-vrst13-img/r
eload_cpu_mod.png>] [22 <C:/Users/helmut.HELMUT-PC/Dropbox/DiVE 2014/acm-vrst13
-img/reload_memory_mod.png>]
("C:\Users\helmut.HELMUT-PC\Dropbox\DiVE 2014\jpdc2014.bbl"
Underfull \hbox (badness 10000) in paragraph at lines 24--29
\OT1/cmr/m/n/10 URL []$\OT1/cmtt/m/n/10 http : / / ieeexplore . ieee . org / lp
docs / epic03 / wrapper . htm ?
 []


Underfull \hbox (badness 10000) in paragraph at lines 31--36
\OT1/cmr/m/n/10 URL []$\OT1/cmtt/m/n/10 http : / / ieeexplore . ieee . org / xp
ls / abs _ all . jsp ? arnumber =
 []

[23] [24])
Package atveryend Info: Empty hook `BeforeClearDocument' on input line 610.
 [25]
Package atveryend Info: Empty hook `AfterLastShipout' on input line 610.
 ("C:\Users\helmut.HELMUT-PC\Dropbox\DiVE 2014\jpdc2014.aux")
Package atveryend Info: Executing hook `AtVeryEndDocument' on input line 610.
Package atveryend Info: Executing hook `AtEndAfterFileList' on input line 610.
Package rerunfilecheck Info: File `jpdc2014.out' has not changed.
(rerunfilecheck)             Checksum: D65D4E92AF4B872097479B57056DF5CA;1466.


LaTeX Warning: There were undefined references.

Package atveryend Info: Empty hook `AtVeryVeryEnd' on input line 610.
 ) 
Here is how much of TeX's memory you used:
 7621 strings out of 493921
 112332 string characters out of 3147249
 254740 words of memory out of 3000000
 10687 multiletter control sequences out of 15000+200000
 8922 words of font info for 32 fonts, out of 3000000 for 9000
 841 hyphenation exceptions out of 8191
 34i,8n,40p,1616b,1163s stack positions out of 5000i,500n,10000p,200000b,50000s
<C:/Program Files/MiKTeX 2.9/fonts/type1/public/amsfonts/cm/cmbx10.pfb><C:/Pr
ogram Files/MiKTeX 2.9/fonts/type1/public/amsfonts/cm/cmmi10.pfb><C:/Program Fi
les/MiKTeX 2.9/fonts/type1/public/amsfonts/cm/cmr10.pfb><C:/Program Files/MiKTe
X 2.9/fonts/type1/public/amsfonts/cm/cmr12.pfb><C:/Program Files/MiKTeX 2.9/fon
ts/type1/public/amsfonts/cm/cmr6.pfb><C:/Program Files/MiKTeX 2.9/fonts/type1/p
ublic/amsfonts/cm/cmr7.pfb><C:/Program Files/MiKTeX 2.9/fonts/type1/public/amsf
onts/cm/cmr8.pfb><C:/Program Files/MiKTeX 2.9/fonts/type1/public/amsfonts/cm/cm
ss8.pfb><C:/Program Files/MiKTeX 2.9/fonts/type1/public/amsfonts/cm/cmsy10.pfb>
<C:/Program Files/MiKTeX 2.9/fonts/type1/public/amsfonts/cm/cmti10.pfb><C:/Prog
ram Files/MiKTeX 2.9/fonts/type1/public/amsfonts/cm/cmti7.pfb><C:/Program Files
/MiKTeX 2.9/fonts/type1/public/amsfonts/cm/cmti8.pfb><C:/Program Files/MiKTeX 2
.9/fonts/type1/public/amsfonts/cm/cmtt10.pfb><C:/Program Files/MiKTeX 2.9/fonts
/type1/public/amsfonts/cm/cmtt8.pfb><C:/Program Files/MiKTeX 2.9/fonts/type1/pu
blic/amsfonts/cm/cmtt9.pfb>
Output written on jpdc2014.pdf (25 pages, 822647 bytes).
PDF statistics:
 514 PDF objects out of 1000 (max. 8388607)
 148 named destinations out of 1000 (max. 500000)
 237 words of extra memory for PDF output out of 10000 (max. 10000000)

