This is pdfTeX, Version 3.1415926-2.4-1.40.13 (MiKTeX 2.9 64-bit) (preloaded format=pdflatex 2015.10.13)  30 NOV 2015 03:01
entering extended mode
**TOMACS-15.tex
("E:\DiVe Paper Submission\IEEE TPDS\TOMACS-15.tex"
LaTeX2e <2011/06/27>
Babel <v3.8m> and hyphenation patterns for english, afrikaans, ancientgreek, ar
abic, armenian, assamese, basque, bengali, bokmal, bulgarian, catalan, coptic, 
croatian, czech, danish, dutch, esperanto, estonian, farsi, finnish, french, ga
lician, german, german-x-2012-05-30, greek, gujarati, hindi, hungarian, iceland
ic, indonesian, interlingua, irish, italian, kannada, kurmanji, latin, latvian,
 lithuanian, malayalam, marathi, mongolian, mongolianlmc, monogreek, ngerman, n
german-x-2012-05-30, nynorsk, oriya, panjabi, pinyin, polish, portuguese, roman
ian, russian, sanskrit, serbian, slovak, slovenian, spanish, swedish, swissgerm
an, tamil, telugu, turkish, turkmen, ukenglish, ukrainian, uppersorbian, usengl
ishmax, welsh, loaded.
("E:\DiVe Paper Submission\IEEE TPDS\acmsmall.cls"
Document Class: acmsmall 2012/03/05, fonts included on 28 June 2010
("C:\Program Files\MiKTeX 2.9\tex\latex\ltxmisc\url.sty"
\Urlmuskip=\muskip10
Package: url 2006/04/12  ver 3.3  Verb mode for urls, etc.
)
ACM, Production Font style: 2010/06/28 by Aptara

Using ACM, TOMACS's option: 2010/05/04 by Aptara

("C:\Program Files\MiKTeX 2.9\tex\latex\base\latexsym.sty"
Package: latexsym 1998/08/17 v2.2e Standard LaTeX package (lasy symbols)
\symlasy=\mathgroup4
LaTeX Font Info:    Overwriting symbol font `lasy' in version `bold'
(Font)                  U/lasy/m/n --> U/lasy/b/n on input line 47.
)
("C:\Program Files\MiKTeX 2.9\tex\latex\graphics\color.sty"
Package: color 2005/11/14 v1.0j Standard LaTeX Color (DPC)

("C:\Program Files\MiKTeX 2.9\tex\latex\00miktex\color.cfg"
File: color.cfg 2007/01/18 v1.5 color configuration of teTeX/TeXLive
)
Package color Info: Driver file: pdftex.def on input line 130.

("C:\Program Files\MiKTeX 2.9\tex\latex\pdftex-def\pdftex.def"
File: pdftex.def 2011/05/27 v0.06d Graphics/color for pdfTeX

("C:\Program Files\MiKTeX 2.9\tex\generic\oberdiek\infwarerr.sty"
Package: infwarerr 2010/04/08 v1.3 Providing info/warning/error messages (HO)
)
("C:\Program Files\MiKTeX 2.9\tex\generic\oberdiek\ltxcmds.sty"
Package: ltxcmds 2011/11/09 v1.22 LaTeX kernel commands for general use (HO)
)
\Gread@gobject=\count79
))
("C:\Program Files\MiKTeX 2.9\tex\latex\graphics\graphicx.sty"
Package: graphicx 1999/02/16 v1.0f Enhanced LaTeX Graphics (DPC,SPQR)

("C:\Program Files\MiKTeX 2.9\tex\latex\graphics\keyval.sty"
Package: keyval 1999/03/16 v1.13 key=value parser (DPC)
\KV@toks@=\toks14
)
("C:\Program Files\MiKTeX 2.9\tex\latex\graphics\graphics.sty"
Package: graphics 2009/02/05 v1.0o Standard LaTeX Graphics (DPC,SPQR)

("C:\Program Files\MiKTeX 2.9\tex\latex\graphics\trig.sty"
Package: trig 1999/03/16 v1.09 sin cos tan (DPC)
)
("C:\Program Files\MiKTeX 2.9\tex\latex\00miktex\graphics.cfg"
File: graphics.cfg 2007/01/18 v1.5 graphics configuration of teTeX/TeXLive
)
Package graphics Info: Driver file: pdftex.def on input line 91.
)
\Gin@req@height=\dimen102
\Gin@req@width=\dimen103
)
Document Class `acmsmall' Electronic Submissions v1.4 <July 09, 2012> (ACM).
\@firstpg=\count80
\@lastpg=\count81
\trimheight=\dimen104
\trimwidth=\dimen105
\normaltextheight=\dimen106
\tempdimen=\dimen107
\tempbox=\box26
\tbbox=\box27
\tabledim=\dimen108
\symnewlargesymbols=\mathgroup5
LaTeX Font Info:    Redeclaring math symbol \bigsqcup on input line 1987.
\normalparindent=\dimen109
\footheight=\skip41
\@maxsep=\skip42
\@dblmaxsep=\skip43
\@totalpg=\count82
\@abstract=\box28
\@permissionbox=\box29
\c@part=\count83
\c@section=\count84
\c@subsection=\count85
\c@subsubsection=\count86
\c@paragraph=\count87
\enumdim=\dimen110
\c@theorem=\count88
\belowcaptionskip=\skip44
\abovecaptionskip=\skip45
\c@figure=\count89
\c@table=\count90
\@narrowfig=\dimen111
\@nfigbox=\box30
\@nfcapbox=\box31
\@nfigbox=\box32
\@nfcapbox=\box33
\bibindent=\dimen112
LaTeX Font Info:    Overwriting math alphabet `\mathbb' in version `normal'
(Font)                  OT1/ams/bx/n --> OT1/ams/bx/n on input line 3569.
LaTeX Font Info:    Overwriting math alphabet `\mathbb' in version `bold'
(Font)                  OT1/ams/bx/n --> OT1/ams/bx/n on input line 3570.
) ("C:\Program Files\MiKTeX 2.9\tex\latex\tools\array.sty"
Package: array 2008/09/09 v2.4c Tabular extension package (FMi)
\col@sep=\dimen113
\extrarowheight=\dimen114
\NC@list=\toks15
\extratabsurround=\skip46
\backup@length=\skip47
)
("C:\Program Files\MiKTeX 2.9\tex\latex\multirow\multirow.sty"
\bigstrutjot=\dimen115
)
("C:\Program Files\MiKTeX 2.9\tex\latex\soul\soul.sty"
Package: soul 2003/11/17 v2.4 letterspacing/underlining (mf)
\SOUL@word=\toks16
\SOUL@lasttoken=\toks17
\SOUL@cmds=\toks18
\SOUL@buffer=\toks19
\SOUL@token=\toks20
\SOUL@spaceskip=\skip48
\SOUL@ttwidth=\dimen116
\SOUL@uldp=\dimen117
\SOUL@ulht=\dimen118
)
("C:\Program Files\MiKTeX 2.9\tex\latex\oberdiek\epstopdf.sty"
Package: epstopdf 2010/02/09 v2.5 Conversion with epstopdf on the fly (HO)

("C:\Program Files\MiKTeX 2.9\tex\latex\oberdiek\epstopdf-base.sty"
Package: epstopdf-base 2010/02/09 v2.5 Base part for package epstopdf

("C:\Program Files\MiKTeX 2.9\tex\latex\oberdiek\grfext.sty"
Package: grfext 2010/08/19 v1.1 Manage graphics extensions (HO)

("C:\Program Files\MiKTeX 2.9\tex\generic\oberdiek\kvdefinekeys.sty"
Package: kvdefinekeys 2011/04/07 v1.3 Define keys (HO)
))
("C:\Program Files\MiKTeX 2.9\tex\latex\oberdiek\kvoptions.sty"
Package: kvoptions 2011/06/30 v3.11 Key value format for package options (HO)

("C:\Program Files\MiKTeX 2.9\tex\generic\oberdiek\kvsetkeys.sty"
Package: kvsetkeys 2012/04/25 v1.16 Key value parser (HO)

("C:\Program Files\MiKTeX 2.9\tex\generic\oberdiek\etexcmds.sty"
Package: etexcmds 2011/02/16 v1.5 Avoid name clashes with e-TeX commands (HO)

("C:\Program Files\MiKTeX 2.9\tex\generic\oberdiek\ifluatex.sty"
Package: ifluatex 2010/03/01 v1.3 Provides the ifluatex switch (HO)
Package ifluatex Info: LuaTeX not detected.
)
Package etexcmds Info: Could not find \expanded.
(etexcmds)             That can mean that you are not using pdfTeX 1.50 or
(etexcmds)             that some package has redefined \expanded.
(etexcmds)             In the latter case, load this package earlier.
)))
("C:\Program Files\MiKTeX 2.9\tex\generic\oberdiek\pdftexcmds.sty"
Package: pdftexcmds 2011/11/29 v0.20 Utility functions of pdfTeX for LuaTeX (HO
)

("C:\Program Files\MiKTeX 2.9\tex\generic\oberdiek\ifpdf.sty"
Package: ifpdf 2011/01/30 v2.3 Provides the ifpdf switch (HO)
Package ifpdf Info: pdfTeX in PDF mode is detected.
)
Package pdftexcmds Info: LuaTeX not detected.
Package pdftexcmds Info: \pdf@primitive is available.
Package pdftexcmds Info: \pdf@ifprimitive is available.
Package pdftexcmds Info: \pdfdraftmode found.
)
Package grfext Info: Graphics extension search list:
(grfext)             [.png,.pdf,.jpg,.mps,.jpeg,.jbig2,.jb2,.PNG,.PDF,.JPG,.JPE
G,.JBIG2,.JB2,.eps]
(grfext)             \AppendGraphicsExtensions on input line 452.
))
("C:\Program Files\MiKTeX 2.9\tex\latex\listings\listings.sty"
\lst@mode=\count91
\lst@gtempboxa=\box34
\lst@token=\toks21
\lst@length=\count92
\lst@currlwidth=\dimen119
\lst@column=\count93
\lst@pos=\count94
\lst@lostspace=\dimen120
\lst@width=\dimen121
\lst@newlines=\count95
\lst@lineno=\count96
\lst@maxwidth=\dimen122

("C:\Program Files\MiKTeX 2.9\tex\latex\listings\lstmisc.sty"
File: lstmisc.sty 2007/02/22 1.4 (Carsten Heinz)
\c@lstnumber=\count97
\lst@skipnumbers=\count98
\lst@framebox=\box35
)
("C:\Program Files\MiKTeX 2.9\tex\latex\listings\listings.cfg"
File: listings.cfg 2007/02/22 1.4 listings configuration
))
Package: listings 2007/02/22 1.4 (Carsten Heinz)

("C:\Program Files\MiKTeX 2.9\tex\latex\listings\lstlang1.sty"
File: lstlang1.sty 2004/09/05 1.3 listings language file
)
("C:\Program Files\MiKTeX 2.9\tex\latex\algorithm2e\algorithm2e.sty"
Package: algorithm2e 2013/01/06 v5.00 algorithms environments
\c@AlgoLine=\count99

("C:\Program Files\MiKTeX 2.9\tex\latex\base\ifthen.sty"
Package: ifthen 2001/05/26 v1.1c Standard LaTeX ifthen package (DPC)
)
("C:\Program Files\MiKTeX 2.9\tex\latex\tools\xspace.sty"
Package: xspace 2009/10/20 v1.13 Space after command names (DPC,MH)
)
("C:\Program Files\MiKTeX 2.9\tex\latex\ltxmisc\relsize.sty"
Package: relsize 2003/07/04 ver 3.1
)
********************************************************
Package `algorithm2e' Release 5.0 -- january 06 2013 --
- algorithm2e-announce@lirmm.fr mailing list for announcement about releases
- algorithm2e-discussion@lirmm.fr mailing list for discussion about package
subscribe by emailing sympa@lirmm.fr with 'subscribe <list> <firstname name>'
- Author: Christophe Fiorio (cfiorio@um2.fr)
********************************************************
\skiptotal=\skip49
\skiplinenumber=\skip50
\skiprule=\skip51
\skiphlne=\skip52
\skiptext=\skip53
\skiplength=\skip54
\algomargin=\skip55
\skipalgocfslide=\skip56
\algowidth=\dimen123
\inoutsize=\dimen124
\inoutindent=\dimen125
\interspacetitleruled=\dimen126
\interspacealgoruled=\dimen127
\interspacetitleboxruled=\dimen128
\algocf@inoutbox=\box36
\algocf@inputbox=\box37
\AlCapSkip=\skip57
\AlCapHSkip=\skip58
\algoskipindent=\skip59
\algocf@nlbox=\box38
\algocf@hangingbox=\box39
\algocf@untilbox=\box40
\algocf@skipuntil=\skip60
\algocf@capbox=\box41
\algoheightruledefault=\skip61
\algoheightrule=\skip62
\algotitleheightruledefault=\skip63
\algotitleheightrule=\skip64
\c@algocfline=\count100
\c@algocfproc=\count101
\c@algocf=\count102
\algocf@algoframe=\box42
\algocf@algobox=\box43
) ("E:\DiVe Paper Submission\IEEE TPDS\TOMACS-15.aux"

LaTeX Warning: Label `fig:ram' multiply defined.


LaTeX Warning: Label `fig:ram' multiply defined.


LaTeX Warning: Label `fig:ram' multiply defined.


LaTeX Warning: Label `fig:ram' multiply defined.


LaTeX Warning: Label `fig:ram' multiply defined.

)
LaTeX Font Info:    Checking defaults for OML/cmm/m/it on input line 54.
LaTeX Font Info:    ... okay on input line 54.
LaTeX Font Info:    Checking defaults for T1/cmr/m/n on input line 54.
LaTeX Font Info:    ... okay on input line 54.
LaTeX Font Info:    Checking defaults for OT1/cmr/m/n on input line 54.
LaTeX Font Info:    ... okay on input line 54.
LaTeX Font Info:    Checking defaults for OMS/cmsy/m/n on input line 54.
LaTeX Font Info:    ... okay on input line 54.
LaTeX Font Info:    Checking defaults for OMX/cmex/m/n on input line 54.
LaTeX Font Info:    ... okay on input line 54.
LaTeX Font Info:    Checking defaults for U/cmr/m/n on input line 54.
LaTeX Font Info:    ... okay on input line 54.
LaTeX Font Info:    Try loading font information for OT1+pnc on input line 54.
 ("C:\Program Files\MiKTeX 2.9\tex\latex\psnfss\ot1pnc.fd"
File: ot1pnc.fd 2001/06/04 font definitions for OT1/pnc.
)
("C:\Program Files\MiKTeX 2.9\tex\context\base\supp-pdf.mkii"
[Loading MPS to PDF converter (version 2006.09.02).]
\scratchcounter=\count103
\scratchdimen=\dimen129
\scratchbox=\box44
\nofMPsegments=\count104
\nofMParguments=\count105
\everyMPshowfont=\toks22
\MPscratchCnt=\count106
\MPscratchDim=\dimen130
\MPnumerator=\count107
\makeMPintoPDFobject=\count108
\everyMPtoPDFconversion=\toks23
)
\c@lstlisting=\count109
LaTeX Font Info:    External font `cmex10' loaded for size
(Font)              <8> on input line 126.
LaTeX Font Info:    External font `cmex10' loaded for size
(Font)              <6> on input line 126.
LaTeX Font Info:    External font `cmex10' loaded for size
(Font)              <5> on input line 126.
LaTeX Font Info:    Try loading font information for U+lasy on input line 126.
 ("C:\Program Files\MiKTeX 2.9\tex\latex\base\ulasy.fd"
File: ulasy.fd 1998/08/17 v2.2e LaTeX symbol font definitions
)
LaTeX Font Info:    Try loading font information for OMS+pnc on input line 126.


("C:\Program Files\MiKTeX 2.9\tex\latex\psnfss\omspnc.fd"
File: omspnc.fd 
)
LaTeX Font Info:    Font shape `OMS/pnc/m/n' in size <8> not available
(Font)              Font shape `OMS/cmsy/m/n' tried instead on input line 126.
LaTeX Font Info:    Try loading font information for OT1+phv on input line 128.


("C:\Program Files\MiKTeX 2.9\tex\latex\psnfss\ot1phv.fd"
File: ot1phv.fd 2001/06/04 scalable font definitions for OT1/phv.
)
LaTeX Font Info:    Font shape `OT1/phv/bx/n' in size <12> not available
(Font)              Font shape `OT1/phv/b/n' tried instead on input line 128.
LaTeX Font Info:    Font shape `OT1/pnc/bx/n' in size <8> not available
(Font)              Font shape `OT1/pnc/b/n' tried instead on input line 128.
LaTeX Font Info:    Font shape `OT1/phv/bx/n' in size <9> not available
(Font)              Font shape `OT1/phv/b/n' tried instead on input line 130.
LaTeX Font Info:    External font `cmex10' loaded for size
(Font)              <7> on input line 148.

Overfull \vbox (72.27pt too high) has occurred while \output is active []

 [1{C:/ProgramData/MiKTeX/2.9/pdftex/config/pdftex.map}
Non-PDF special ignored!

]
Underfull \hbox (badness 3579) in paragraph at lines 159--160
[]\OT1/pnc/m/n/10 Game-centric net-work frame-works such as Jenk-ins Soft-ware'
s RakNet[] or
 []

[2] [3] [4] [5]
<acm-vrst13-img/basic_area_of_interest2.png, id=30, 256.96pt x 255.95625pt>
File: acm-vrst13-img/basic_area_of_interest2.png Graphic file (type png)

<use acm-vrst13-img/basic_area_of_interest2.png>
Package pdftex.def Info: acm-vrst13-img/basic_area_of_interest2.png used on inp
ut line 258.
(pdftex.def)             Requested size: 158.4006pt x 157.78513pt.

<acm-vrst13-img/DiVE_area_of_interest2.png, id=31, 263.48438pt x 264.48813pt>
File: acm-vrst13-img/DiVE_area_of_interest2.png Graphic file (type png)

<use acm-vrst13-img/DiVE_area_of_interest2.png>
Package pdftex.def Info: acm-vrst13-img/DiVE_area_of_interest2.png used on inpu
t line 265.
(pdftex.def)             Requested size: 158.4006pt x 159.01291pt.

<acm-vrst13-img/area_comparison2.png, id=32, 599.23875pt x 313.67188pt>
File: acm-vrst13-img/area_comparison2.png Graphic file (type png)

<use acm-vrst13-img/area_comparison2.png>
Package pdftex.def Info: acm-vrst13-img/area_comparison2.png used on input line
 280.
(pdftex.def)             Requested size: 316.80121pt x 165.83368pt.

Underfull \vbox (badness 1803) has occurred while \output is active []

 [6 <E:/DiVe Paper Submission/IEEE TPDS/acm-vrst13-img/basic_area_of_interest2.
png> <E:/DiVe Paper Submission/IEEE TPDS/acm-vrst13-img/DiVE_area_of_interest2.
png>]
<acm-vrst13-img/hysteresis_description2.png, id=36, 775.39688pt x 337.26pt>
File: acm-vrst13-img/hysteresis_description2.png Graphic file (type png)

<use acm-vrst13-img/hysteresis_description2.png>
Package pdftex.def Info: acm-vrst13-img/hysteresis_description2.png used on inp
ut line 315.
(pdftex.def)             Requested size: 376.19879pt x 163.6275pt.

Underfull \vbox (badness 10000) has occurred while \output is active []

 [7 <E:/DiVe Paper Submission/IEEE TPDS/acm-vrst13-img/area_comparison2.png>] [
8 <E:/DiVe Paper Submission/IEEE TPDS/acm-vrst13-img/hysteresis_description2.pn
g>]
Package epstopdf Info: Source file: <acm-vrst13-img/agent-drawing.eps>
(epstopdf)                    date: 2015-01-08 08:00:33
(epstopdf)                    size: 51028 bytes
(epstopdf)             Output file: <./agent-drawing-eps-converted-to.pdf>
(epstopdf)                    date: 2015-01-08 08:00:51
(epstopdf)                    size: 20577 bytes
(epstopdf)             Command: <epstopdf --outfile=./agent-drawing-eps-convert
ed-to.pdf acm-vrst13-img/agent-drawing.eps>
(epstopdf)             \includegraphics on input line 357.
Package epstopdf Info: Output file is already uptodate.

<./agent-drawing-eps-converted-to.pdf, id=44, 580.1675pt x 363.3575pt>
File: ./agent-drawing-eps-converted-to.pdf Graphic file (type pdf)

<use ./agent-drawing-eps-converted-to.pdf>
Package pdftex.def Info: ./agent-drawing-eps-converted-to.pdf used on input lin
e 357.
(pdftex.def)             Requested size: 277.19879pt x 173.61122pt.

<acm-vrst13-img/execute-move2.png, id=45, 564.60938pt x 306.14375pt>
File: acm-vrst13-img/execute-move2.png Graphic file (type png)

<use acm-vrst13-img/execute-move2.png>
Package pdftex.def Info: acm-vrst13-img/execute-move2.png used on input line 36
9.
(pdftex.def)             Requested size: 376.19879pt x 203.98476pt.
 [9 <E:/DiVe Paper Submission/IEEE TPDS/agent-drawing-eps-converted-to.pdf>]
<acm-vrst13-img/Jain-aoi3.png, id=55, 1167.36125pt x 599.23875pt>
File: acm-vrst13-img/Jain-aoi3.png Graphic file (type png)

<use acm-vrst13-img/Jain-aoi3.png>
Package pdftex.def Info: acm-vrst13-img/Jain-aoi3.png used on input line 391.
(pdftex.def)             Requested size: 396.0pt x 203.27216pt.
 [10 <E:/DiVe Paper Submission/IEEE TPDS/acm-vrst13-img/execute-move2.png>] [11
 <E:/DiVe Paper Submission/IEEE TPDS/acm-vrst13-img/Jain-aoi3.png (PNG copy)>]
<acm-vrst13-img/DiVE-simple.png, id=62, 493.24275pt x 501.67426pt>
File: acm-vrst13-img/DiVE-simple.png Graphic file (type png)

<use acm-vrst13-img/DiVE-simple.png>
Package pdftex.def Info: acm-vrst13-img/DiVE-simple.png used on input line 437.

(pdftex.def)             Requested size: 356.39758pt x 362.50652pt.
 [12]
<acm-vrst13-img/server_request.png, id=66, 911.8065pt x 348.1005pt>
File: acm-vrst13-img/server_request.png Graphic file (type png)

<use acm-vrst13-img/server_request.png>
Package pdftex.def Info: acm-vrst13-img/server_request.png used on input line 4
72.
(pdftex.def)             Requested size: 237.60242pt x 90.70583pt.

Underfull \vbox (badness 10000) has occurred while \output is active []

 [13 <E:/DiVe Paper Submission/IEEE TPDS/acm-vrst13-img/DiVE-simple.png>] [14 <
E:/DiVe Paper Submission/IEEE TPDS/acm-vrst13-img/server_request.png>]
LaTeX Font Info:    Font shape `OT1/cmtt/bx/n' in size <9> not available
(Font)              Font shape `OT1/cmtt/m/n' tried instead on input line 505.
 [15] [16] [17]
<acm-vrst13-img/reload_bandwidth_mod.png, id=84, 568.37344pt x 333.49594pt>
File: acm-vrst13-img/reload_bandwidth_mod.png Graphic file (type png)

<use acm-vrst13-img/reload_bandwidth_mod.png>
Package pdftex.def Info: acm-vrst13-img/reload_bandwidth_mod.png used on input 
line 640.
(pdftex.def)             Requested size: 237.60242pt x 139.41597pt.

<acm-vrst13-img/reload_fps_mod.png, id=86, 566.86781pt x 334.24875pt>
File: acm-vrst13-img/reload_fps_mod.png Graphic file (type png)

<use acm-vrst13-img/reload_fps_mod.png>
Package pdftex.def Info: acm-vrst13-img/reload_fps_mod.png used on input line 6
51.
(pdftex.def)             Requested size: 237.60242pt x 140.0979pt.

<acm-vrst13-img/reload_cpu_mod.png, id=87, 563.10374pt x 297.36093pt>
File: acm-vrst13-img/reload_cpu_mod.png Graphic file (type png)

<use acm-vrst13-img/reload_cpu_mod.png>
Package pdftex.def Info: acm-vrst13-img/reload_cpu_mod.png used on input line 6
61.
(pdftex.def)             Requested size: 237.60242pt x 125.47151pt.
 [18 <E:/DiVe Paper Submission/IEEE TPDS/acm-vrst13-img/reload_bandwidth_mod.pn
g>]
<acm-vrst13-img/reload_memory_mod.png, id=92, 565.36218pt x 326.72063pt>
File: acm-vrst13-img/reload_memory_mod.png Graphic file (type png)

<use acm-vrst13-img/reload_memory_mod.png>
Package pdftex.def Info: acm-vrst13-img/reload_memory_mod.png used on input lin
e 668.
(pdftex.def)             Requested size: 237.60242pt x 137.30647pt.
 [19 <E:/DiVe Paper Submission/IEEE TPDS/acm-vrst13-img/reload_fps_mod.png> <E:
/DiVe Paper Submission/IEEE TPDS/acm-vrst13-img/reload_cpu_mod.png> <E:/DiVe Pa
per Submission/IEEE TPDS/acm-vrst13-img/reload_memory_mod.png>]
LaTeX Font Info:    Font shape `OT1/pnc/bx/n' in size <10> not available
(Font)              Font shape `OT1/pnc/b/n' tried instead on input line 678.

<acm-vrst13-img/DiVE3d-Bandwidth.png, id=100, 716.6775pt x 389.20406pt>
File: acm-vrst13-img/DiVE3d-Bandwidth.png Graphic file (type png)

<use acm-vrst13-img/DiVE3d-Bandwidth.png>
Package pdftex.def Info: acm-vrst13-img/DiVE3d-Bandwidth.png used on input line
 701.
(pdftex.def)             Requested size: 396.0pt x 215.05467pt.
 [20]
<acm-vrst13-img/DiVE3d-CPUUsage.png, id=104, 737.00343pt x 408.02437pt>
File: acm-vrst13-img/DiVE3d-CPUUsage.png Graphic file (type png)

<use acm-vrst13-img/DiVE3d-CPUUsage.png>
Package pdftex.def Info: acm-vrst13-img/DiVE3d-CPUUsage.png used on input line 
710.
(pdftex.def)             Requested size: 396.0pt x 219.23412pt.

<acm-vrst13-img/DiVE3d-BandwidthMovementPatterns.png, id=105, 794.2172pt x 455.
45157pt>
File: acm-vrst13-img/DiVE3d-BandwidthMovementPatterns.png Graphic file (type pn
g)
 <use acm-vrst13-img/DiVE3d-BandwidthMovementPatterns.png>
Package pdftex.def Info: acm-vrst13-img/DiVE3d-BandwidthMovementPatterns.png us
ed on input line 721.
(pdftex.def)             Requested size: 396.0pt x 227.0928pt.

<acm-vrst13-img/DiVE3d-CPUMovementPatterns.png, id=106, 790.45313pt x 461.47406
pt>
File: acm-vrst13-img/DiVE3d-CPUMovementPatterns.png Graphic file (type png)
 <use acm-vrst13-img/DiVE3d-CPUMovementPatterns.png>
Package pdftex.def Info: acm-vrst13-img/DiVE3d-CPUMovementPatterns.png used on 
input line 728.
(pdftex.def)             Requested size: 396.0pt x 231.1871pt.

<acm-vrst13-img/DiVE3d-RAMMovementPatterns.png, id=107, 788.9475pt x 453.94594p
t>
File: acm-vrst13-img/DiVE3d-RAMMovementPatterns.png Graphic file (type png)
 <use acm-vrst13-img/DiVE3d-RAMMovementPatterns.png>
Package pdftex.def Info: acm-vrst13-img/DiVE3d-RAMMovementPatterns.png used on 
input line 736.
(pdftex.def)             Requested size: 396.0pt x 227.85208pt.

Underfull \vbox (badness 5908) has occurred while \output is active []

 [21 <E:/DiVe Paper Submission/IEEE TPDS/acm-vrst13-img/DiVE3d-Bandwidth.png>]
("E:\DiVe Paper Submission\IEEE TPDS\TOMACS-15.bbl"
Underfull \vbox (badness 6741) has occurred while \output is active []

 [22])
[23] [24 <E:/DiVe Paper Submission/IEEE TPDS/acm-vrst13-img/DiVE3d-CPUUsage.png
>] [25 <E:/DiVe Paper Submission/IEEE TPDS/acm-vrst13-img/DiVE3d-BandwidthMovem
entPatterns.png>] [26 <E:/DiVe Paper Submission/IEEE TPDS/acm-vrst13-img/DiVE3d
-CPUMovementPatterns.png> <E:/DiVe Paper Submission/IEEE TPDS/acm-vrst13-img/Di
VE3d-RAMMovementPatterns.png>]
("E:\DiVe Paper Submission\IEEE TPDS\TOMACS-15.aux")

LaTeX Warning: There were multiply-defined labels.

 ) 
Here is how much of TeX's memory you used:
 5304 strings out of 493921
 75772 string characters out of 3147257
 193784 words of memory out of 3000000
 8502 multiletter control sequences out of 15000+200000
 26091 words of font info for 56 fonts, out of 3000000 for 9000
 841 hyphenation exceptions out of 8191
 42i,8n,40p,1614b,1137s stack positions out of 5000i,500n,10000p,200000b,50000s
{C:/Program Files/MiKTeX 2.9/fonts/enc/dvips/fontname/8r.enc}<C:/Program File
s/MiKTeX 2.9/fonts/type1/public/amsfonts/cm/cmmi10.pfb><C:/Program Files/MiKTeX
 2.9/fonts/type1/public/amsfonts/cm/cmr10.pfb><C:/Program Files/MiKTeX 2.9/font
s/type1/public/amsfonts/cm/cmr6.pfb><C:/Program Files/MiKTeX 2.9/fonts/type1/pu
blic/amsfonts/cm/cmr7.pfb><C:/Program Files/MiKTeX 2.9/fonts/type1/public/amsfo
nts/cm/cmr8.pfb><C:/Program Files/MiKTeX 2.9/fonts/type1/public/amsfonts/cm/cms
y10.pfb><C:/Program Files/MiKTeX 2.9/fonts/type1/public/amsfonts/cm/cmsy8.pfb><
C:/Program Files/MiKTeX 2.9/fonts/type1/public/amsfonts/cm/cmtt8.pfb><C:/Progra
m Files/MiKTeX 2.9/fonts/type1/public/amsfonts/cm/cmtt9.pfb><C:/Program Files/M
iKTeX 2.9/fonts/type1/urw/helvetic/uhvb8a.pfb><C:/Program Files/MiKTeX 2.9/font
s/type1/urw/helvetic/uhvr8a.pfb><C:/Program Files/MiKTeX 2.9/fonts/type1/urw/nc
ntrsbk/uncb8a.pfb><C:/Program Files/MiKTeX 2.9/fonts/type1/urw/ncntrsbk/uncr8a.
pfb><C:/Program Files/MiKTeX 2.9/fonts/type1/urw/ncntrsbk/uncri8a.pfb>
Output written on TOMACS-15.pdf (26 pages, 982338 bytes).
PDF statistics:
 172 PDF objects out of 1000 (max. 8388607)
 0 named destinations out of 1000 (max. 500000)
 91 words of extra memory for PDF output out of 10000 (max. 10000000)

